<?xml version="1.0" encoding="UTF-8"?>
<!-- Generated by org.testng.reporters.JUnitXMLReporter -->
<testsuite hostname="Lesias-Air.westell.com" ignored="0" name="Default test" tests="4" failures="0" timestamp="26 Jun 2018 19:59:40 GMT" time="33.788" errors="0">
  <testcase name="blankEmail" time="1.145" classname="com.prestashop.tests.PrestaShopTestsNegative"/>
  <testcase name="blankPassword" time="1.154" classname="com.prestashop.tests.PrestaShopTestsNegative"/>
  <testcase name="invalidEmail" time="0.996" classname="com.prestashop.tests.PrestaShopTestsNegative"/>
  <testcase name="wrongCredentials" time="1.082" classname="com.prestashop.tests.PrestaShopTestsNegative"/>
</testsuite> <!-- Default test -->
