<?xml version="1.0" encoding="UTF-8"?>
<testng-results skipped="0" failed="0" ignored="0" total="4" passed="4">
  <reporter-output>
  </reporter-output>
  <suite name="Default suite" duration-ms="33788" started-at="2018-06-26T19:59:07Z" finished-at="2018-06-26T19:59:40Z">
    <groups>
    </groups>
    <test name="Default test" duration-ms="33788" started-at="2018-06-26T19:59:07Z" finished-at="2018-06-26T19:59:40Z">
      <class name="com.prestashop.tests.PrestaShopTestsNegative">
        <test-method status="PASS" signature="setUp()[pri:0, instance:com.prestashop.tests.PrestaShopTestsNegative@39c0f4a]" name="setUp" is-config="true" duration-ms="9058" started-at="2018-06-26T19:59:07Z" finished-at="2018-06-26T19:59:16Z">
          <reporter-output>
          </reporter-output>
        </test-method> <!-- setUp -->
        <test-method status="PASS" signature="blankEmail()[pri:0, instance:com.prestashop.tests.PrestaShopTestsNegative@39c0f4a]" name="blankEmail" duration-ms="1145" started-at="2018-06-26T19:59:16Z" finished-at="2018-06-26T19:59:17Z">
          <reporter-output>
          </reporter-output>
        </test-method> <!-- blankEmail -->
        <test-method status="PASS" signature="tearDown()[pri:0, instance:com.prestashop.tests.PrestaShopTestsNegative@39c0f4a]" name="tearDown" is-config="true" duration-ms="124" started-at="2018-06-26T19:59:17Z" finished-at="2018-06-26T19:59:17Z">
          <reporter-output>
          </reporter-output>
        </test-method> <!-- tearDown -->
        <test-method status="PASS" signature="setUp()[pri:0, instance:com.prestashop.tests.PrestaShopTestsNegative@39c0f4a]" name="setUp" is-config="true" duration-ms="6689" started-at="2018-06-26T19:59:17Z" finished-at="2018-06-26T19:59:24Z">
          <reporter-output>
          </reporter-output>
        </test-method> <!-- setUp -->
        <test-method status="PASS" signature="blankPassword()[pri:0, instance:com.prestashop.tests.PrestaShopTestsNegative@39c0f4a]" name="blankPassword" duration-ms="1154" started-at="2018-06-26T19:59:24Z" finished-at="2018-06-26T19:59:25Z">
          <reporter-output>
          </reporter-output>
        </test-method> <!-- blankPassword -->
        <test-method status="PASS" signature="tearDown()[pri:0, instance:com.prestashop.tests.PrestaShopTestsNegative@39c0f4a]" name="tearDown" is-config="true" duration-ms="117" started-at="2018-06-26T19:59:25Z" finished-at="2018-06-26T19:59:25Z">
          <reporter-output>
          </reporter-output>
        </test-method> <!-- tearDown -->
        <test-method status="PASS" signature="setUp()[pri:0, instance:com.prestashop.tests.PrestaShopTestsNegative@39c0f4a]" name="setUp" is-config="true" duration-ms="6550" started-at="2018-06-26T19:59:25Z" finished-at="2018-06-26T19:59:32Z">
          <reporter-output>
          </reporter-output>
        </test-method> <!-- setUp -->
        <test-method status="PASS" signature="invalidEmail()[pri:0, instance:com.prestashop.tests.PrestaShopTestsNegative@39c0f4a]" name="invalidEmail" duration-ms="996" started-at="2018-06-26T19:59:32Z" finished-at="2018-06-26T19:59:33Z">
          <reporter-output>
          </reporter-output>
        </test-method> <!-- invalidEmail -->
        <test-method status="PASS" signature="tearDown()[pri:0, instance:com.prestashop.tests.PrestaShopTestsNegative@39c0f4a]" name="tearDown" is-config="true" duration-ms="92" started-at="2018-06-26T19:59:33Z" finished-at="2018-06-26T19:59:33Z">
          <reporter-output>
          </reporter-output>
        </test-method> <!-- tearDown -->
        <test-method status="PASS" signature="setUp()[pri:0, instance:com.prestashop.tests.PrestaShopTestsNegative@39c0f4a]" name="setUp" is-config="true" duration-ms="6589" started-at="2018-06-26T19:59:33Z" finished-at="2018-06-26T19:59:39Z">
          <reporter-output>
          </reporter-output>
        </test-method> <!-- setUp -->
        <test-method status="PASS" signature="wrongCredentials()[pri:0, instance:com.prestashop.tests.PrestaShopTestsNegative@39c0f4a]" name="wrongCredentials" duration-ms="1082" started-at="2018-06-26T19:59:39Z" finished-at="2018-06-26T19:59:40Z">
          <reporter-output>
          </reporter-output>
        </test-method> <!-- wrongCredentials -->
        <test-method status="PASS" signature="tearDown()[pri:0, instance:com.prestashop.tests.PrestaShopTestsNegative@39c0f4a]" name="tearDown" is-config="true" duration-ms="120" started-at="2018-06-26T19:59:40Z" finished-at="2018-06-26T19:59:40Z">
          <reporter-output>
          </reporter-output>
        </test-method> <!-- tearDown -->
      </class> <!-- com.prestashop.tests.PrestaShopTestsNegative -->
    </test> <!-- Default test -->
  </suite> <!-- Default suite -->
</testng-results>
